app/build/outputs/mapping/release/seeds.txt
com.example.mycompose.calorietrackerscreen.MainActivity
com.example.mycompose.calorietrackerscreen.MainActivity: MainActivity()
...
com.google.android.gms.internal.measurement.zzj: com.google.android.gms.internal.measurement.zzaq zza(java.lang.Object)
com.google.android.recaptcha.internal.zzhy: int hashCode()
com.google.ai.client.generativeai.common.GenerateContentResponse: com.google.ai.client.generativeai.common.UsageMetadata getUsageMetadata()
com.google.android.gms.internal.firebase-auth-api.zzago: int zzb()
androidx.compose.ui.state.ToggleableState: androidx.compose.ui.state.ToggleableState[] values()
com.google.android.gms.internal.measurement.zzjk$zza: com.google.android.gms.internal.measurement.zzjk$zza zzb(byte[],int,int,com.google.android.gms.internal.measurement.zzix)
com.google.android.gms.internal.auth-api.zbv: java.lang.Object[] newArray(int)
com.google.android.gms.internal.firebase-auth-api.zzre: com.google.android.gms.internal.firebase-auth-api.zzox zza(com.google.android.gms.internal.firebase-auth-api.zzci)
com.google.android.gms.internal.firebase-auth-api.zzagr: java.util.List zzb()
com.google.android.gms.internal.measurement.zzmx: void zzl(int,java.util.List,boolean)
com.google.android.gms.internal.measurement.zzja: int zza(com.google.android.gms.internal.measurement.zzjc,java.lang.Object)
com.google.android.recaptcha.internal.zzpe: zzpe(com.google.android.recaptcha.internal.zzor)
com.google.android.gms.internal.firebase-auth-api.zzail: int zze()
com.google.android.gms.internal.firebase-auth-api.zzakj: com.google.android.gms.internal.firebase-auth-api.zzakj zzb()
com.google.android.gms.internal.firebase-auth-api.zzjv: int hashCode()
com.google.android.gms.internal.firebase-auth-api.zzoo: com.google.android.gms.internal.firebase-auth-api.zzop zza()
com.google.android.gms.internal.fido.zzcg: void zzb(java.lang.Appendable,byte[],int,int)
com.google.android.gms.internal.measurement.zzfa: void zza()
com.google.android.gms.internal.measurement.zzgp: java.lang.String zzb(java.lang.String)
com.google.android.gms.internal.measurement.zzfn$zzj: void zzh(com.google.android.gms.internal.measurement.zzfn$zzj,int)
com.google.android.gms.internal.firebase-auth-api.zzaer: zzaer()
com.google.android.gms.internal.firebase-auth-api.zzhd: byte[] zzb(byte[],byte[])
com.google.android.gms.internal.measurement.zzfn$zzm: zzfn$zzm()
com.google.android.gms.internal.firebase-auth-api.zzamm$zza: void zza(java.lang.Object,long,double)
com.google.ai.client.generativeai.common.GRpcErrorResponse$$serializer: java.lang.Object deserialize(kotlinx.serialization.encoding.Decoder)
com.google.android.recaptcha.internal.zzgy: boolean zzC()
com.google.ai.client.generativeai.common.client.GenerationConfig: java.lang.Integer component3()
com.google.android.gms.internal.firebase-auth-api.zzahs: void zza(byte[],int,int,int)
com.google.android.gms.internal.firebase-auth-api.zzth: com.google.android.gms.internal.firebase-auth-api.zzth zzb()
com.google.android.gms.internal.measurement.zznq: boolean zzb()
com.google.android.gms.internal.firebase-auth-api.zzakt: int zza(int)
com.google.android.gms.internal.firebase-auth-api.zzby: void zza(com.google.android.gms.internal.firebase-auth-api.zzce,com.google.android.gms.internal.firebase-auth-api.zzbh)
com.google.android.gms.internal.auth.zzco: zzco(android.content.Context)
androidx.compose.runtime.PreconditionsKt: void throwIllegalArgumentException(java.lang.String)
io.grpc.okhttp.OkHttpChannelProvider: OkHttpChannelProvider()
com.google.android.gms.common.internal.GmsClient: java.util.Set validateScopes(java.util.Set)
com.google.android.gms.internal.firebase-auth-api.zztn: void zza(com.google.android.gms.internal.firebase-auth-api.zztn,com.google.android.gms.internal.firebase-auth-api.zzto)
com.google.android.recaptcha.internal.zzfd: zzfd()
com.google.android.gms.internal.firebase-auth-api.zzamm: void zza(java.lang.Object,long,java.lang.Object)
com.google.android.gms.internal.measurement.zzoh: boolean zzb()
com.google.android.recaptcha.internal.zziu: boolean add(java.lang.Object)